Repertoire Builder - BCR Mode
-----------------------------
Elapsed Time: 00m55s
Models Built: 97
Failed Models: 0
Invalid Inputs: 3
-----------------------------
000000 - Success, Light/Alpha chain is highly similar to a PDB entry
000001 - Success, Light/Alpha chain is highly similar to a PDB entry
000002 - Success, Light/Alpha chain is highly similar to a PDB entry
000003 - Success, Light/Alpha chain is highly similar to a PDB entry
000004 - Success, Light/Alpha chain is highly similar to a PDB entry
000005 - Success, Light/Alpha chain is highly similar to a PDB entry
000006 - Success
000007 - Success, Light/Alpha chain is highly similar to a PDB entry
000008 - Success
000009 - Success, Light/Alpha chain is highly similar to a PDB entry
000010 - Success, Light/Alpha chain is highly similar to a PDB entry
000011 - Success
000012 - Success, Light/Alpha chain is highly similar to a PDB entry
000013 - Success, Light/Alpha chain is highly similar to a PDB entry
000014 - Success, Light/Alpha chain is highly similar to a PDB entry
000015 - Invalid light/alpha chain. - Invalid FASTA Header or Sequence
000016 - Success
000017 - Success, Light/Alpha chain is highly similar to a PDB entry
000018 - Success, Light/Alpha chain is highly similar to a PDB entry
000019 - Success
000020 - Success, Light/Alpha chain is highly similar to a PDB entry
000021 - Success, Light/Alpha chain is highly similar to a PDB entry
000022 - Success, Light/Alpha chain is highly similar to a PDB entry
000023 - Success, Light/Alpha chain is highly similar to a PDB entry
000024 - Success, Light/Alpha chain is highly similar to a PDB entry
000025 - Success
000026 - Success
000027 - Success, Light/Alpha chain is highly similar to a PDB entry
000028 - Success, Light/Alpha chain is highly similar to a PDB entry
000029 - Success, Light/Alpha chain is highly similar to a PDB entry
000030 - Success
000031 - Success
000032 - Success, Light/Alpha chain is highly similar to a PDB entry
000033 - Success, Light/Alpha chain is highly similar to a PDB entry
000034 - Success, Light/Alpha chain is highly similar to a PDB entry
000035 - Invalid light/alpha chain. - Invalid FASTA Header or Sequence
000036 - Success
000037 - Success, Light/Alpha chain is highly similar to a PDB entry
000038 - Success
000039 - Success
000040 - Success, Light/Alpha chain is highly similar to a PDB entry
000041 - Invalid light/alpha chain. - Invalid FASTA Header or Sequence
000042 - Success, Light/Alpha chain is highly similar to a PDB entry
000043 - Success
000044 - Success
000045 - Success, Light/Alpha chain is highly similar to a PDB entry
000046 - Success
000047 - Success, Light/Alpha chain is highly similar to a PDB entry
000048 - Success, Light/Alpha chain is highly similar to a PDB entry
000049 - Success, Light/Alpha chain is highly similar to a PDB entry
000050 - Success, Light/Alpha chain is highly similar to a PDB entry
000051 - Success
000052 - Success, Light/Alpha chain is highly similar to a PDB entry
000053 - Success, Light/Alpha chain is highly similar to a PDB entry
000054 - Success, Light/Alpha chain is highly similar to a PDB entry
000055 - Success, Light/Alpha chain is highly similar to a PDB entry
000056 - Success, Light/Alpha chain is highly similar to a PDB entry
000057 - Success, Light/Alpha chain is highly similar to a PDB entry
000058 - Success, Light/Alpha chain is highly similar to a PDB entry
000059 - Success, Light/Alpha chain is highly similar to a PDB entry
000060 - Success, Light/Alpha chain is highly similar to a PDB entry
000061 - Success, Light/Alpha chain is highly similar to a PDB entry
000062 - Success, Light/Alpha chain is highly similar to a PDB entry
000063 - Success, Light/Alpha chain is highly similar to a PDB entry
000064 - Success, Light/Alpha chain is highly similar to a PDB entry
000065 - Success
000066 - Success, Light/Alpha chain is highly similar to a PDB entry
000067 - Success, Light/Alpha chain is highly similar to a PDB entry
000068 - Success, Light/Alpha chain is highly similar to a PDB entry
000069 - Success, Light/Alpha chain is highly similar to a PDB entry
000070 - Success, Light/Alpha chain is highly similar to a PDB entry
000071 - Success, Light/Alpha chain is highly similar to a PDB entry
000072 - Success, Light/Alpha chain is highly similar to a PDB entry
000073 - Success
000074 - Success, Light/Alpha chain is highly similar to a PDB entry
000075 - Success, Light/Alpha chain is highly similar to a PDB entry
000076 - Success, Light/Alpha chain is highly similar to a PDB entry
000077 - Success
000078 - Success
000079 - Success, Light/Alpha chain is highly similar to a PDB entry
000080 - Success, Light/Alpha chain is highly similar to a PDB entry
000081 - Success, Light/Alpha chain is highly similar to a PDB entry
000082 - Success, Light/Alpha chain is highly similar to a PDB entry
000083 - Success
000084 - Success
000085 - Success, Light/Alpha chain is highly similar to a PDB entry
000086 - Success, Light/Alpha chain is highly similar to a PDB entry
000087 - Success, Light/Alpha chain is highly similar to a PDB entry
000088 - Success
000089 - Success, Light/Alpha chain is highly similar to a PDB entry
000090 - Success, Light/Alpha chain is highly similar to a PDB entry
000091 - Success, Light/Alpha chain is highly similar to a PDB entry
000092 - Success
000093 - Success, Light/Alpha chain is highly similar to a PDB entry
000094 - Success
000095 - Success, Light/Alpha chain is highly similar to a PDB entry
000096 - Success
000097 - Success, Light/Alpha chain is highly similar to a PDB entry
000098 - Success
000099 - Success, Light/Alpha chain is highly similar to a PDB entry
